[debug] [2023-08-07T07:20:03.164Z] ----------------------------------------------------------------------
[debug] [2023-08-07T07:20:03.165Z] Command:       C:\Program Files\nodejs\node.exe C:\Users\nicho\AppData\Roaming\npm\node_modules\firebase-tools\lib\bin\firebase.js init
[debug] [2023-08-07T07:20:03.165Z] CLI Version:   11.8.1
[debug] [2023-08-07T07:20:03.166Z] Platform:      win32
[debug] [2023-08-07T07:20:03.166Z] Node Version:  v16.14.2
[debug] [2023-08-07T07:20:03.166Z] Time:          Mon Aug 07 2023 00:20:03 GMT-0700 (Pacific Daylight Time)
[debug] [2023-08-07T07:20:03.166Z] ----------------------------------------------------------------------
[debug] 
[debug] [2023-08-07T07:20:03.172Z] > command requires scopes: ["email","openid","https://www.googleapis.com/auth/cloudplatformprojects.readonly","https://www.googleapis.com/auth/firebase","https://www.googleapis.com/auth/cloud-platform"]
[debug] [2023-08-07T07:20:03.173Z] > authorizing via signed-in user (nicholashchan@gmail.com)
[info] 
     ######## #### ########  ######## ########     ###     ######  ########
     ##        ##  ##     ## ##       ##     ##  ##   ##  ##       ##
     ######    ##  ########  ######   ########  #########  ######  ######
     ##        ##  ##    ##  ##       ##     ## ##     ##       ## ##
     ##       #### ##     ## ######## ########  ##     ##  ######  ########

You're about to initialize a Firebase project in this directory:

  C:\Users\nicho\codes\flyball

[info] 
=== Project Setup
[info] 
[info] First, let's associate this project directory with a Firebase project.
[info] You can create multiple project aliases by running firebase use --add, 
[info] but for now we'll just set up a default project.
[info] 
